  CollectInfo.cpp
C:\Program Files (x86)\Microsoft Visual Studio\2019\Community\VC\Tools\MSVC\14.21.27702\include\xstring(2308,23): warning C4244:  'argument': conversion from 'wchar_t' to 'const _Elem', possible loss of data
C:\Program Files (x86)\Microsoft Visual Studio\2019\Community\VC\Tools\MSVC\14.21.27702\include\xstring(2308,23): warning C4244:         with
C:\Program Files (x86)\Microsoft Visual Studio\2019\Community\VC\Tools\MSVC\14.21.27702\include\xstring(2308,23): warning C4244:         [
C:\Program Files (x86)\Microsoft Visual Studio\2019\Community\VC\Tools\MSVC\14.21.27702\include\xstring(2308,23): warning C4244:             _Elem=char
C:\Program Files (x86)\Microsoft Visual Studio\2019\Community\VC\Tools\MSVC\14.21.27702\include\xstring(2308,23): warning C4244:         ]
C:\Program Files (x86)\Microsoft Visual Studio\2019\Community\VC\Tools\MSVC\14.21.27702\include\xstring(2319): message :  see reference to function template instantiation 'void std::basic_string<char,std::char_traits<char>,std::allocator<char>>::_Construct<wchar_t*>(_Iter,const _Iter,std::input_iterator_tag)' being compiled
C:\Program Files (x86)\Microsoft Visual Studio\2019\Community\VC\Tools\MSVC\14.21.27702\include\xstring(2319): message :         with
C:\Program Files (x86)\Microsoft Visual Studio\2019\Community\VC\Tools\MSVC\14.21.27702\include\xstring(2319): message :         [
C:\Program Files (x86)\Microsoft Visual Studio\2019\Community\VC\Tools\MSVC\14.21.27702\include\xstring(2319): message :             _Iter=wchar_t *
C:\Program Files (x86)\Microsoft Visual Studio\2019\Community\VC\Tools\MSVC\14.21.27702\include\xstring(2319): message :         ]
C:\Program Files (x86)\Microsoft Visual Studio\2019\Community\VC\Tools\MSVC\14.21.27702\include\xstring(2319): message :  see reference to function template instantiation 'void std::basic_string<char,std::char_traits<char>,std::allocator<char>>::_Construct<wchar_t*>(_Iter,const _Iter,std::input_iterator_tag)' being compiled
C:\Program Files (x86)\Microsoft Visual Studio\2019\Community\VC\Tools\MSVC\14.21.27702\include\xstring(2319): message :         with
C:\Program Files (x86)\Microsoft Visual Studio\2019\Community\VC\Tools\MSVC\14.21.27702\include\xstring(2319): message :         [
C:\Program Files (x86)\Microsoft Visual Studio\2019\Community\VC\Tools\MSVC\14.21.27702\include\xstring(2319): message :             _Iter=wchar_t *
C:\Program Files (x86)\Microsoft Visual Studio\2019\Community\VC\Tools\MSVC\14.21.27702\include\xstring(2319): message :         ]
C:\Program Files (x86)\Microsoft Visual Studio\2019\Community\VC\Tools\MSVC\14.21.27702\include\xstring(2299): message :  see reference to function template instantiation 'void std::basic_string<char,std::char_traits<char>,std::allocator<char>>::_Construct<wchar_t*>(const _Iter,const _Iter,std::forward_iterator_tag)' being compiled
C:\Program Files (x86)\Microsoft Visual Studio\2019\Community\VC\Tools\MSVC\14.21.27702\include\xstring(2299): message :         with
C:\Program Files (x86)\Microsoft Visual Studio\2019\Community\VC\Tools\MSVC\14.21.27702\include\xstring(2299): message :         [
C:\Program Files (x86)\Microsoft Visual Studio\2019\Community\VC\Tools\MSVC\14.21.27702\include\xstring(2299): message :             _Iter=wchar_t *
C:\Program Files (x86)\Microsoft Visual Studio\2019\Community\VC\Tools\MSVC\14.21.27702\include\xstring(2299): message :         ]
C:\Program Files (x86)\Microsoft Visual Studio\2019\Community\VC\Tools\MSVC\14.21.27702\include\xstring(2299): message :  see reference to function template instantiation 'void std::basic_string<char,std::char_traits<char>,std::allocator<char>>::_Construct<wchar_t*>(const _Iter,const _Iter,std::forward_iterator_tag)' being compiled
C:\Program Files (x86)\Microsoft Visual Studio\2019\Community\VC\Tools\MSVC\14.21.27702\include\xstring(2299): message :         with
C:\Program Files (x86)\Microsoft Visual Studio\2019\Community\VC\Tools\MSVC\14.21.27702\include\xstring(2299): message :         [
C:\Program Files (x86)\Microsoft Visual Studio\2019\Community\VC\Tools\MSVC\14.21.27702\include\xstring(2299): message :             _Iter=wchar_t *
C:\Program Files (x86)\Microsoft Visual Studio\2019\Community\VC\Tools\MSVC\14.21.27702\include\xstring(2299): message :         ]
C:\Users\Jack\source\repos\BLUESPAWN\BLUESPAWN\CollectInfo.cpp(128): message :  see reference to function template instantiation 'std::basic_string<char,std::char_traits<char>,std::allocator<char>>::basic_string<std::_String_iterator<std::_String_val<std::_Simple_types<_Elem>>>,void>(_Iter,_Iter,const _Alloc &)' being compiled
C:\Users\Jack\source\repos\BLUESPAWN\BLUESPAWN\CollectInfo.cpp(128): message :         with
C:\Users\Jack\source\repos\BLUESPAWN\BLUESPAWN\CollectInfo.cpp(128): message :         [
C:\Users\Jack\source\repos\BLUESPAWN\BLUESPAWN\CollectInfo.cpp(128): message :             _Elem=wchar_t,
C:\Users\Jack\source\repos\BLUESPAWN\BLUESPAWN\CollectInfo.cpp(128): message :             _Iter=std::_String_iterator<std::_String_val<std::_Simple_types<wchar_t>>>,
C:\Users\Jack\source\repos\BLUESPAWN\BLUESPAWN\CollectInfo.cpp(128): message :             _Alloc=std::allocator<char>
C:\Users\Jack\source\repos\BLUESPAWN\BLUESPAWN\CollectInfo.cpp(128): message :         ]
  Registry.cpp
C:\Users\Jack\source\repos\BLUESPAWN\BLUESPAWN\CollectInfo.cpp(128): message :  see reference to function template instantiation 'std::basic_string<char,std::char_traits<char>,std::allocator<char>>::basic_string<std::_String_iterator<std::_String_val<std::_Simple_types<_Elem>>>,void>(_Iter,_Iter,const _Alloc &)' being compiled
C:\Users\Jack\source\repos\BLUESPAWN\BLUESPAWN\CollectInfo.cpp(128): message :         with
C:\Users\Jack\source\repos\BLUESPAWN\BLUESPAWN\CollectInfo.cpp(128): message :         [
C:\Users\Jack\source\repos\BLUESPAWN\BLUESPAWN\CollectInfo.cpp(128): message :             _Elem=wchar_t,
C:\Users\Jack\source\repos\BLUESPAWN\BLUESPAWN\CollectInfo.cpp(128): message :             _Iter=std::_String_iterator<std::_String_val<std::_Simple_types<wchar_t>>>,
C:\Users\Jack\source\repos\BLUESPAWN\BLUESPAWN\CollectInfo.cpp(128): message :             _Alloc=std::allocator<char>
C:\Users\Jack\source\repos\BLUESPAWN\BLUESPAWN\CollectInfo.cpp(128): message :         ]
C:\Users\Jack\source\repos\BLUESPAWN\BLUESPAWN\Registry.cpp(149,11): warning C4101:  'achKey': unreferenced local variable
  Generating Code...
C:\Users\Jack\source\repos\BLUESPAWN\BLUESPAWN\Registry.cpp(150,11): warning C4101:  'cbName': unreferenced local variable
C:\Users\Jack\source\repos\BLUESPAWN\BLUESPAWN\Registry.cpp(150,11): warning C4101: C:\Users\Jack\source\repos\BLUESPAWN\BLUESPAWN\Registry.cpp(50) : warning C4715: 'CheckKeyIsDefaultValue': not all control paths return a value
C:\Users\Jack\source\repos\BLUESPAWN\BLUESPAWN\Registry.cpp(150,11): warning C4101: C:\Users\Jack\source\repos\BLUESPAWN\BLUESPAWN\CollectInfo.cpp(119) : warning C4715: 'GetOsVersion': not all control paths return a value
  Configuration-Settings.vcxproj -> C:\Users\Jack\source\repos\BLUESPAWN\BLUESPAWN\x64\Debug\Configuration-Settings.lib
